-------------------------------------------------------------------------------
Test set: com.demo.ExpensetrackerapiApplicationTests
-------------------------------------------------------------------------------
Tests run: 1, Failures: 0, Errors: 1, Skipped: 0, Time elapsed: 0.421 s <<< FAILURE! - in com.demo.ExpensetrackerapiApplicationTests
com.demo.ExpensetrackerapiApplicationTests  Time elapsed: 0.419 s  <<< ERROR!
java.lang.IllegalStateException: Unable to find a @SpringBootConfiguration, you need to use @ContextConfiguration or @SpringBootTest(classes=...) with your test

